<?xml version="1.0" encoding="UTF-8"?>
<coverage generated="1690435152835" clover="3.2.0">
  <project timestamp="1690435152835" name="All files">
    <metrics statements="123" coveredstatements="66" conditionals="37" coveredconditionals="19" methods="59" coveredmethods="30" elements="219" coveredelements="115" complexity="0" loc="123" ncloc="123" packages="5" files="21" classes="21"/>
    <package name="DEV006-movie-challenge-fw">
      <metrics statements="1" coveredstatements="1" conditionals="0" coveredconditionals="0" methods="0" coveredmethods="0"/>
      <file name="styleMock.js" path="C:\Users\Laboratoria\Desktop\proyecto5\DEV006-movie-challenge-fw\styleMock.js">
        <metrics statements="1" coveredstatements="1" conditionals="0" coveredconditionals="0" methods="0" coveredmethods="0"/>
        <line num="1" count="9" type="stmt"/>
      </file>
    </package>
    <package name="DEV006-movie-challenge-fw.src">
      <metrics statements="1" coveredstatements="1" conditionals="0" coveredconditionals="0" methods="1" coveredmethods="1"/>
      <file name="App.jsx" path="C:\Users\Laboratoria\Desktop\proyecto5\DEV006-movie-challenge-fw\src\App.jsx">
        <metrics statements="1" coveredstatements="1" conditionals="0" coveredconditionals="0" methods="1" coveredmethods="1"/>
        <line num="11" count="1" type="stmt"/>
      </file>
    </package>
    <package name="DEV006-movie-challenge-fw.src.components">
      <metrics statements="98" coveredstatements="56" conditionals="37" coveredconditionals="19" methods="39" coveredmethods="25"/>
      <file name="Button.jsx" path="C:\Users\Laboratoria\Desktop\proyecto5\DEV006-movie-challenge-fw\src\components\Button.jsx">
        <metrics statements="4" coveredstatements="4" conditionals="0" coveredconditionals="0" methods="2" coveredmethods="2"/>
        <line num="6" count="2" type="stmt"/>
        <line num="7" count="2" type="stmt"/>
        <line num="8" count="1" type="stmt"/>
        <line num="11" count="2" type="stmt"/>
      </file>
      <file name="FormSearch.jsx" path="C:\Users\Laboratoria\Desktop\proyecto5\DEV006-movie-challenge-fw\src\components\FormSearch.jsx">
        <metrics statements="22" coveredstatements="22" conditionals="0" coveredconditionals="0" methods="8" coveredmethods="8"/>
        <line num="10" count="5" type="stmt"/>
        <line num="11" count="5" type="stmt"/>
        <line num="12" count="5" type="stmt"/>
        <line num="16" count="5" type="stmt"/>
        <line num="17" count="1" type="stmt"/>
        <line num="18" count="1" type="stmt"/>
        <line num="22" count="5" type="stmt"/>
        <line num="23" count="1" type="stmt"/>
        <line num="26" count="5" type="stmt"/>
        <line num="27" count="1" type="stmt"/>
        <line num="28" count="1" type="stmt"/>
        <line num="29" count="1" type="stmt"/>
        <line num="31" count="1" type="stmt"/>
        <line num="32" count="1" type="stmt"/>
        <line num="37" count="5" type="stmt"/>
        <line num="38" count="1" type="stmt"/>
        <line num="39" count="1" type="stmt"/>
        <line num="40" count="1" type="stmt"/>
        <line num="41" count="1" type="stmt"/>
        <line num="42" count="1" type="stmt"/>
        <line num="48" count="5" type="stmt"/>
        <line num="81" count="8" type="stmt"/>
      </file>
      <file name="GeneralInfoMovie.jsx" path="C:\Users\Laboratoria\Desktop\proyecto5\DEV006-movie-challenge-fw\src\components\GeneralInfoMovie.jsx">
        <metrics statements="2" coveredstatements="2" conditionals="4" coveredconditionals="3" methods="2" coveredmethods="2"/>
        <line num="7" count="1" type="stmt"/>
        <line num="23" count="2" type="stmt"/>
      </file>
      <file name="Header.jsx" path="C:\Users\Laboratoria\Desktop\proyecto5\DEV006-movie-challenge-fw\src\components\Header.jsx">
        <metrics statements="2" coveredstatements="2" conditionals="0" coveredconditionals="0" methods="1" coveredmethods="1"/>
        <line num="8" count="2" type="stmt"/>
        <line num="38" count="2" type="stmt"/>
      </file>
      <file name="MovieCard.jsx" path="C:\Users\Laboratoria\Desktop\proyecto5\DEV006-movie-challenge-fw\src\components\MovieCard.jsx">
        <metrics statements="4" coveredstatements="4" conditionals="0" coveredconditionals="0" methods="2" coveredmethods="2"/>
        <line num="7" count="3" type="stmt"/>
        <line num="8" count="3" type="stmt"/>
        <line num="10" count="3" type="stmt"/>
        <line num="11" count="1" type="stmt"/>
      </file>
      <file name="MovieDetails.jsx" path="C:\Users\Laboratoria\Desktop\proyecto5\DEV006-movie-challenge-fw\src\components\MovieDetails.jsx">
        <metrics statements="4" coveredstatements="4" conditionals="8" coveredconditionals="7" methods="3" coveredmethods="3"/>
        <line num="11" count="3" type="stmt"/>
        <line num="13" count="3" type="stmt"/>
        <line num="26" count="1" type="stmt"/>
        <line num="38" count="1" type="stmt"/>
      </file>
      <file name="MovieDetailsTotal.jsx" path="C:\Users\Laboratoria\Desktop\proyecto5\DEV006-movie-challenge-fw\src\components\MovieDetailsTotal.jsx">
        <metrics statements="18" coveredstatements="10" conditionals="6" coveredconditionals="1" methods="4" coveredmethods="3"/>
        <line num="10" count="2" type="stmt"/>
        <line num="11" count="2" type="stmt"/>
        <line num="12" count="2" type="stmt"/>
        <line num="13" count="2" type="stmt"/>
        <line num="14" count="2" type="stmt"/>
        <line num="16" count="2" type="stmt"/>
        <line num="17" count="1" type="stmt"/>
        <line num="19" count="0" type="stmt"/>
        <line num="20" count="0" type="stmt"/>
        <line num="21" count="0" type="stmt"/>
        <line num="24" count="1" type="stmt"/>
        <line num="30" count="2" type="cond" truecount="1" falsecount="1"/>
        <line num="31" count="2" type="stmt"/>
        <line num="33" count="0" type="cond" truecount="0" falsecount="2"/>
        <line num="34" count="0" type="stmt"/>
        <line num="37" count="0" type="cond" truecount="0" falsecount="2"/>
        <line num="38" count="0" type="stmt"/>
        <line num="41" count="0" type="stmt"/>
      </file>
      <file name="MovieFeature.jsx" path="C:\Users\Laboratoria\Desktop\proyecto5\DEV006-movie-challenge-fw\src\components\MovieFeature.jsx">
        <metrics statements="16" coveredstatements="0" conditionals="6" coveredconditionals="0" methods="7" coveredmethods="0"/>
        <line num="10" count="0" type="stmt"/>
        <line num="11" count="0" type="stmt"/>
        <line num="12" count="0" type="stmt"/>
        <line num="14" count="0" type="stmt"/>
        <line num="15" count="0" type="stmt"/>
        <line num="16" count="0" type="stmt"/>
        <line num="20" count="0" type="stmt"/>
        <line num="21" count="0" type="cond" truecount="0" falsecount="2"/>
        <line num="22" count="0" type="stmt"/>
        <line num="26" count="0" type="stmt"/>
        <line num="27" count="0" type="cond" truecount="0" falsecount="2"/>
        <line num="28" count="0" type="stmt"/>
        <line num="29" count="0" type="stmt"/>
        <line num="34" count="0" type="stmt"/>
        <line num="35" count="0" type="stmt"/>
        <line num="41" count="0" type="stmt"/>
      </file>
      <file name="RenderMovies.jsx" path="C:\Users\Laboratoria\Desktop\proyecto5\DEV006-movie-challenge-fw\src\components\RenderMovies.jsx">
        <metrics statements="3" coveredstatements="3" conditionals="2" coveredconditionals="2" methods="2" coveredmethods="2"/>
        <line num="5" count="2" type="stmt"/>
        <line num="7" count="2" type="stmt"/>
        <line num="10" count="2" type="stmt"/>
      </file>
      <file name="RenderTrailer.jsx" path="C:\Users\Laboratoria\Desktop\proyecto5\DEV006-movie-challenge-fw\src\components\RenderTrailer.jsx">
        <metrics statements="6" coveredstatements="5" conditionals="7" coveredconditionals="6" methods="2" coveredmethods="2"/>
        <line num="6" count="3" type="stmt"/>
        <line num="7" count="1" type="cond" truecount="4" falsecount="1"/>
        <line num="8" count="0" type="stmt"/>
        <line num="10" count="1" type="cond" truecount="2" falsecount="0"/>
        <line num="11" count="2" type="stmt"/>
        <line num="13" count="1" type="stmt"/>
      </file>
      <file name="Search.jsx" path="C:\Users\Laboratoria\Desktop\proyecto5\DEV006-movie-challenge-fw\src\components\Search.jsx">
        <metrics statements="17" coveredstatements="0" conditionals="4" coveredconditionals="0" methods="6" coveredmethods="0"/>
        <line num="12" count="0" type="stmt"/>
        <line num="13" count="0" type="stmt"/>
        <line num="14" count="0" type="stmt"/>
        <line num="15" count="0" type="stmt"/>
        <line num="18" count="0" type="stmt"/>
        <line num="19" count="0" type="cond" truecount="0" falsecount="2"/>
        <line num="20" count="0" type="stmt"/>
        <line num="21" count="0" type="stmt"/>
        <line num="23" count="0" type="cond" truecount="0" falsecount="2"/>
        <line num="24" count="0" type="stmt"/>
        <line num="25" count="0" type="stmt"/>
        <line num="32" count="0" type="stmt"/>
        <line num="33" count="0" type="stmt"/>
        <line num="34" count="0" type="stmt"/>
        <line num="39" count="0" type="stmt"/>
        <line num="41" count="0" type="stmt"/>
        <line num="45" count="0" type="stmt"/>
      </file>
    </package>
    <package name="DEV006-movie-challenge-fw.src.pages">
      <metrics statements="7" coveredstatements="4" conditionals="0" coveredconditionals="0" methods="7" coveredmethods="4"/>
      <file name="Details.jsx" path="C:\Users\Laboratoria\Desktop\proyecto5\DEV006-movie-challenge-fw\src\pages\Details.jsx">
        <metrics statements="1" coveredstatements="0" conditionals="0" coveredconditionals="0" methods="1" coveredmethods="0"/>
        <line num="7" count="0" type="stmt"/>
      </file>
      <file name="Explora.jsx" path="C:\Users\Laboratoria\Desktop\proyecto5\DEV006-movie-challenge-fw\src\pages\Explora.jsx">
        <metrics statements="1" coveredstatements="0" conditionals="0" coveredconditionals="0" methods="1" coveredmethods="0"/>
        <line num="10" count="0" type="stmt"/>
      </file>
      <file name="Home.jsx" path="C:\Users\Laboratoria\Desktop\proyecto5\DEV006-movie-challenge-fw\src\pages\Home.jsx">
        <metrics statements="1" coveredstatements="1" conditionals="0" coveredconditionals="0" methods="1" coveredmethods="1"/>
        <line num="7" count="1" type="stmt"/>
      </file>
      <file name="Movies.jsx" path="C:\Users\Laboratoria\Desktop\proyecto5\DEV006-movie-challenge-fw\src\pages\Movies.jsx">
        <metrics statements="1" coveredstatements="0" conditionals="0" coveredconditionals="0" methods="1" coveredmethods="0"/>
        <line num="7" count="0" type="stmt"/>
      </file>
      <file name="NotFound.jsx" path="C:\Users\Laboratoria\Desktop\proyecto5\DEV006-movie-challenge-fw\src\pages\NotFound.jsx">
        <metrics statements="1" coveredstatements="1" conditionals="0" coveredconditionals="0" methods="1" coveredmethods="1"/>
        <line num="3" count="1" type="stmt"/>
      </file>
      <file name="SignUp.jsx" path="C:\Users\Laboratoria\Desktop\proyecto5\DEV006-movie-challenge-fw\src\pages\SignUp.jsx">
        <metrics statements="1" coveredstatements="1" conditionals="0" coveredconditionals="0" methods="1" coveredmethods="1"/>
        <line num="3" count="1" type="stmt"/>
      </file>
      <file name="TvShows.jsx" path="C:\Users\Laboratoria\Desktop\proyecto5\DEV006-movie-challenge-fw\src\pages\TvShows.jsx">
        <metrics statements="1" coveredstatements="1" conditionals="0" coveredconditionals="0" methods="1" coveredmethods="1"/>
        <line num="5" count="1" type="stmt"/>
      </file>
    </package>
    <package name="DEV006-movie-challenge-fw.src.utils">
      <metrics statements="16" coveredstatements="4" conditionals="0" coveredconditionals="0" methods="12" coveredmethods="0"/>
      <file name="getHttp.js" path="C:\Users\Laboratoria\Desktop\proyecto5\DEV006-movie-challenge-fw\src\utils\getHttp.js">
        <metrics statements="16" coveredstatements="4" conditionals="0" coveredconditionals="0" methods="12" coveredmethods="0"/>
        <line num="3" count="1" type="stmt"/>
        <line num="8" count="1" type="stmt"/>
        <line num="9" count="1" type="stmt"/>
        <line num="10" count="1" type="stmt"/>
        <line num="13" count="0" type="stmt"/>
        <line num="16" count="0" type="stmt"/>
        <line num="21" count="0" type="stmt"/>
        <line num="27" count="0" type="stmt"/>
        <line num="32" count="0" type="stmt"/>
        <line num="36" count="0" type="stmt"/>
        <line num="40" count="0" type="stmt"/>
        <line num="44" count="0" type="stmt"/>
        <line num="48" count="0" type="stmt"/>
        <line num="52" count="0" type="stmt"/>
        <line num="57" count="0" type="stmt"/>
        <line num="62" count="0" type="stmt"/>
      </file>
    </package>
  </project>
</coverage>
