{"C:\\Users\\Laboratoria\\Desktop\\proyecto5\\DEV006-movie-challenge-fw\\styleMock.js": {"path":"C:\\Users\\Laboratoria\\Desktop\\proyecto5\\DEV006-movie-challenge-fw\\styleMock.js","statementMap":{"0":{"start":{"line":1,"column":0},"end":{"line":1,"column":20}}},"fnMap":{},"branchMap":{},"s":{"0":1},"f":{},"b":{},"_coverageSchema":"1a1c01bbd47fc00a2c39e90264f33305004495a9","hash":"0b7094254308d302832ca503d1eceac7d3db6b09"}
,"C:\\Users\\Laboratoria\\Desktop\\proyecto5\\DEV006-movie-challenge-fw\\src\\App.jsx": {"path":"C:\\Users\\Laboratoria\\Desktop\\proyecto5\\DEV006-movie-challenge-fw\\src\\App.jsx","statementMap":{"0":{"start":{"line":11,"column":2},"end":{"line":24,"column":4}}},"fnMap":{"0":{"name":"App","decl":{"start":{"line":10,"column":9},"end":{"line":10,"column":12}},"loc":{"start":{"line":10,"column":15},"end":{"line":25,"column":1}},"line":10}},"branchMap":{},"s":{"0":1},"f":{"0":1},"b":{},"_coverageSchema":"1a1c01bbd47fc00a2c39e90264f33305004495a9","hash":"31e667c5bca2e8d991be2a909e9a612b4c5040ba"}
,"C:\\Users\\Laboratoria\\Desktop\\proyecto5\\DEV006-movie-challenge-fw\\src\\components\\Button.jsx": {"path":"C:\\Users\\Laboratoria\\Desktop\\proyecto5\\DEV006-movie-challenge-fw\\src\\components\\Button.jsx","statementMap":{"0":{"start":{"line":6,"column":19},"end":{"line":6,"column":32}},"1":{"start":{"line":7,"column":28},"end":{"line":9,"column":3}},"2":{"start":{"line":8,"column":4},"end":{"line":8,"column":25}},"3":{"start":{"line":11,"column":2},"end":{"line":17,"column":4}}},"fnMap":{"0":{"name":"Button","decl":{"start":{"line":5,"column":16},"end":{"line":5,"column":22}},"loc":{"start":{"line":5,"column":25},"end":{"line":18,"column":1}},"line":5},"1":{"name":"(anonymous_1)","decl":{"start":{"line":7,"column":28},"end":{"line":7,"column":29}},"loc":{"start":{"line":7,"column":34},"end":{"line":9,"column":3}},"line":7}},"branchMap":{},"s":{"0":1,"1":1,"2":0,"3":1},"f":{"0":1,"1":0},"b":{},"_coverageSchema":"1a1c01bbd47fc00a2c39e90264f33305004495a9","hash":"a381777e939527d1ab38bd4db6a9d9590aeb30f1"}
,"C:\\Users\\Laboratoria\\Desktop\\proyecto5\\DEV006-movie-challenge-fw\\src\\components\\FormSearch.jsx": {"path":"C:\\Users\\Laboratoria\\Desktop\\proyecto5\\DEV006-movie-challenge-fw\\src\\components\\FormSearch.jsx","statementMap":{"0":{"start":{"line":9,"column":30},"end":{"line":9,"column":42}},"1":{"start":{"line":10,"column":38},"end":{"line":10,"column":50}},"2":{"start":{"line":11,"column":38},"end":{"line":11,"column":52}},"3":{"start":{"line":15,"column":2},"end":{"line":19,"column":9}},"4":{"start":{"line":16,"column":4},"end":{"line":18,"column":7}},"5":{"start":{"line":17,"column":6},"end":{"line":17,"column":29}},"6":{"start":{"line":21,"column":29},"end":{"line":23,"column":3}},"7":{"start":{"line":22,"column":4},"end":{"line":22,"column":32}},"8":{"start":{"line":25,"column":28},"end":{"line":33,"column":3}},"9":{"start":{"line":26,"column":30},"end":{"line":26,"column":42}},"10":{"start":{"line":27,"column":27},"end":{"line":29,"column":5}},"11":{"start":{"line":28,"column":18},"end":{"line":28,"column":52}},"12":{"start":{"line":30,"column":28},"end":{"line":30,"column":66}},"13":{"start":{"line":31,"column":8},"end":{"line":31,"column":39}},"14":{"start":{"line":36,"column":23},"end":{"line":43,"column":3}},"15":{"start":{"line":37,"column":4},"end":{"line":37,"column":23}},"16":{"start":{"line":38,"column":4},"end":{"line":38,"column":44}},"17":{"start":{"line":39,"column":5},"end":{"line":39,"column":23}},"18":{"start":{"line":40,"column":5},"end":{"line":40,"column":26}},"19":{"start":{"line":41,"column":4},"end":{"line":41,"column":20}},"20":{"start":{"line":47,"column":2},"end":{"line":83,"column":4}},"21":{"start":{"line":76,"column":12},"end":{"line":78,"column":21}}},"fnMap":{"0":{"name":"FormSearch","decl":{"start":{"line":8,"column":9},"end":{"line":8,"column":19}},"loc":{"start":{"line":8,"column":39},"end":{"line":84,"column":1}},"line":8},"1":{"name":"(anonymous_1)","decl":{"start":{"line":15,"column":12},"end":{"line":15,"column":13}},"loc":{"start":{"line":15,"column":18},"end":{"line":19,"column":3}},"line":15},"2":{"name":"(anonymous_2)","decl":{"start":{"line":16,"column":21},"end":{"line":16,"column":22}},"loc":{"start":{"line":16,"column":31},"end":{"line":18,"column":5}},"line":16},"3":{"name":"(anonymous_3)","decl":{"start":{"line":21,"column":29},"end":{"line":21,"column":30}},"loc":{"start":{"line":21,"column":45},"end":{"line":23,"column":3}},"line":21},"4":{"name":"(anonymous_4)","decl":{"start":{"line":25,"column":28},"end":{"line":25,"column":29}},"loc":{"start":{"line":25,"column":44},"end":{"line":33,"column":3}},"line":25},"5":{"name":"(anonymous_5)","decl":{"start":{"line":28,"column":6},"end":{"line":28,"column":7}},"loc":{"start":{"line":28,"column":18},"end":{"line":28,"column":52}},"line":28},"6":{"name":"(anonymous_6)","decl":{"start":{"line":36,"column":23},"end":{"line":36,"column":24}},"loc":{"start":{"line":36,"column":30},"end":{"line":43,"column":3}},"line":36},"7":{"name":"(anonymous_7)","decl":{"start":{"line":75,"column":22},"end":{"line":75,"column":23}},"loc":{"start":{"line":76,"column":12},"end":{"line":78,"column":21}},"line":76}},"branchMap":{},"s":{"0":0,"1":0,"2":0,"3":0,"4":0,"5":0,"6":0,"7":0,"8":0,"9":0,"10":0,"11":0,"12":0,"13":0,"14":0,"15":0,"16":0,"17":0,"18":0,"19":0,"20":0,"21":0},"f":{"0":0,"1":0,"2":0,"3":0,"4":0,"5":0,"6":0,"7":0},"b":{},"_coverageSchema":"1a1c01bbd47fc00a2c39e90264f33305004495a9","hash":"cc2c46ff272aec384a047ccfa64a685c0b907b07"}
,"C:\\Users\\Laboratoria\\Desktop\\proyecto5\\DEV006-movie-challenge-fw\\src\\components\\GeneralInfoMovie.jsx": {"path":"C:\\Users\\Laboratoria\\Desktop\\proyecto5\\DEV006-movie-challenge-fw\\src\\components\\GeneralInfoMovie.jsx","statementMap":{"0":{"start":{"line":6,"column":2},"end":{"line":28,"column":4}},"1":{"start":{"line":21,"column":12},"end":{"line":21,"column":45}}},"fnMap":{"0":{"name":"GeneralInfoMovie","decl":{"start":{"line":4,"column":16},"end":{"line":4,"column":32}},"loc":{"start":{"line":4,"column":61},"end":{"line":29,"column":1}},"line":4},"1":{"name":"(anonymous_1)","decl":{"start":{"line":20,"column":59},"end":{"line":20,"column":60}},"loc":{"start":{"line":21,"column":12},"end":{"line":21,"column":45}},"line":21}},"branchMap":{"0":{"loc":{"start":{"line":20,"column":11},"end":{"line":22,"column":73}},"type":"cond-expr","locations":[{"start":{"line":20,"column":46},"end":{"line":22,"column":12}},{"start":{"line":22,"column":17},"end":{"line":22,"column":72}}],"line":20},"1":{"loc":{"start":{"line":20,"column":11},"end":{"line":20,"column":42}},"type":"binary-expr","locations":[{"start":{"line":20,"column":11},"end":{"line":20,"column":19}},{"start":{"line":20,"column":23},"end":{"line":20,"column":42}}],"line":20}},"s":{"0":0,"1":0},"f":{"0":0,"1":0},"b":{"0":[0,0],"1":[0,0]},"_coverageSchema":"1a1c01bbd47fc00a2c39e90264f33305004495a9","hash":"c9a5d4cf7ad183ff7befae193ad0331dc8f11675"}
,"C:\\Users\\Laboratoria\\Desktop\\proyecto5\\DEV006-movie-challenge-fw\\src\\components\\Header.jsx": {"path":"C:\\Users\\Laboratoria\\Desktop\\proyecto5\\DEV006-movie-challenge-fw\\src\\components\\Header.jsx","statementMap":{"0":{"start":{"line":8,"column":2},"end":{"line":35,"column":4}},"1":{"start":{"line":38,"column":0},"end":{"line":42,"column":2}}},"fnMap":{"0":{"name":"Header","decl":{"start":{"line":7,"column":16},"end":{"line":7,"column":22}},"loc":{"start":{"line":7,"column":77},"end":{"line":36,"column":1}},"line":7}},"branchMap":{},"s":{"0":1,"1":1},"f":{"0":1},"b":{},"_coverageSchema":"1a1c01bbd47fc00a2c39e90264f33305004495a9","hash":"0a0fc966dd2528225be802afc017b4d07bfedf52"}
,"C:\\Users\\Laboratoria\\Desktop\\proyecto5\\DEV006-movie-challenge-fw\\src\\components\\MovieCard.jsx": {"path":"C:\\Users\\Laboratoria\\Desktop\\proyecto5\\DEV006-movie-challenge-fw\\src\\components\\MovieCard.jsx","statementMap":{"0":{"start":{"line":6,"column":19},"end":{"line":6,"column":72}},"1":{"start":{"line":7,"column":13},"end":{"line":7,"column":42}},"2":{"start":{"line":9,"column":2},"end":{"line":20,"column":4}},"3":{"start":{"line":10,"column":50},"end":{"line":10,"column":73}}},"fnMap":{"0":{"name":"MovieCard","decl":{"start":{"line":5,"column":16},"end":{"line":5,"column":25}},"loc":{"start":{"line":5,"column":54},"end":{"line":21,"column":1}},"line":5},"1":{"name":"(anonymous_1)","decl":{"start":{"line":10,"column":46},"end":{"line":10,"column":47}},"loc":{"start":{"line":10,"column":50},"end":{"line":10,"column":73}},"line":10}},"branchMap":{},"s":{"0":0,"1":0,"2":0,"3":0},"f":{"0":0,"1":0},"b":{},"_coverageSchema":"1a1c01bbd47fc00a2c39e90264f33305004495a9","hash":"8a23ee0c74f82718ab92e4a34c98d5e0d6ee9538"}
,"C:\\Users\\Laboratoria\\Desktop\\proyecto5\\DEV006-movie-challenge-fw\\src\\components\\MovieDetails.jsx": {"path":"C:\\Users\\Laboratoria\\Desktop\\proyecto5\\DEV006-movie-challenge-fw\\src\\components\\MovieDetails.jsx","statementMap":{"0":{"start":{"line":10,"column":26},"end":{"line":10,"column":41}},"1":{"start":{"line":12,"column":2},"end":{"line":43,"column":4}},"2":{"start":{"line":26,"column":59},"end":{"line":26,"column":72}},"3":{"start":{"line":36,"column":68},"end":{"line":36,"column":82}}},"fnMap":{"0":{"name":"MovieDetails","decl":{"start":{"line":9,"column":16},"end":{"line":9,"column":28}},"loc":{"start":{"line":9,"column":57},"end":{"line":44,"column":1}},"line":9},"1":{"name":"(anonymous_1)","decl":{"start":{"line":26,"column":53},"end":{"line":26,"column":54}},"loc":{"start":{"line":26,"column":59},"end":{"line":26,"column":72}},"line":26},"2":{"name":"(anonymous_2)","decl":{"start":{"line":36,"column":62},"end":{"line":36,"column":63}},"loc":{"start":{"line":36,"column":68},"end":{"line":36,"column":82}},"line":36}},"branchMap":{"0":{"loc":{"start":{"line":21,"column":9},"end":{"line":23,"column":16}},"type":"cond-expr","locations":[{"start":{"line":22,"column":10},"end":{"line":22,"column":73}},{"start":{"line":23,"column":12},"end":{"line":23,"column":16}}],"line":21},"1":{"loc":{"start":{"line":30,"column":9},"end":{"line":34,"column":16}},"type":"cond-expr","locations":[{"start":{"line":31,"column":10},"end":{"line":33,"column":12}},{"start":{"line":34,"column":12},"end":{"line":34,"column":16}}],"line":30},"2":{"loc":{"start":{"line":30,"column":9},"end":{"line":30,"column":24}},"type":"binary-expr","locations":[{"start":{"line":30,"column":9},"end":{"line":30,"column":16}},{"start":{"line":30,"column":20},"end":{"line":30,"column":24}}],"line":30},"3":{"loc":{"start":{"line":35,"column":9},"end":{"line":39,"column":23}},"type":"cond-expr","locations":[{"start":{"line":36,"column":10},"end":{"line":39,"column":17}},{"start":{"line":39,"column":19},"end":{"line":39,"column":23}}],"line":35}},"s":{"0":0,"1":0,"2":0,"3":0},"f":{"0":0,"1":0,"2":0},"b":{"0":[0,0],"1":[0,0],"2":[0,0],"3":[0,0]},"_coverageSchema":"1a1c01bbd47fc00a2c39e90264f33305004495a9","hash":"3b46bae3aa5968fffc9845c29d70831460eef54c"}
,"C:\\Users\\Laboratoria\\Desktop\\proyecto5\\DEV006-movie-challenge-fw\\src\\components\\MovieDetailsTotal.jsx": {"path":"C:\\Users\\Laboratoria\\Desktop\\proyecto5\\DEV006-movie-challenge-fw\\src\\components\\MovieDetailsTotal.jsx","statementMap":{"0":{"start":{"line":9,"column":20},"end":{"line":9,"column":31}},"1":{"start":{"line":10,"column":44},"end":{"line":12,"column":4}},"2":{"start":{"line":13,"column":32},"end":{"line":13,"column":46}},"3":{"start":{"line":15,"column":2},"end":{"line":21,"column":16}},"4":{"start":{"line":16,"column":4},"end":{"line":20,"column":6}},"5":{"start":{"line":17,"column":6},"end":{"line":17,"column":31}},"6":{"start":{"line":19,"column":6},"end":{"line":19,"column":24}},"7":{"start":{"line":23,"column":2},"end":{"line":30,"column":16}},"8":{"start":{"line":24,"column":4},"end":{"line":29,"column":7}},"9":{"start":{"line":25,"column":6},"end":{"line":25,"column":25}},"10":{"start":{"line":26,"column":6},"end":{"line":26,"column":25}},"11":{"start":{"line":28,"column":6},"end":{"line":28,"column":24}},"12":{"start":{"line":32,"column":2},"end":{"line":34,"column":3}},"13":{"start":{"line":33,"column":4},"end":{"line":33,"column":33}},"14":{"start":{"line":36,"column":2},"end":{"line":44,"column":4}}},"fnMap":{"0":{"name":"MovieDetailsTotal","decl":{"start":{"line":8,"column":16},"end":{"line":8,"column":33}},"loc":{"start":{"line":8,"column":36},"end":{"line":45,"column":1}},"line":8},"1":{"name":"(anonymous_1)","decl":{"start":{"line":15,"column":12},"end":{"line":15,"column":13}},"loc":{"start":{"line":15,"column":18},"end":{"line":21,"column":3}},"line":15},"2":{"name":"(anonymous_2)","decl":{"start":{"line":16,"column":31},"end":{"line":16,"column":32}},"loc":{"start":{"line":16,"column":43},"end":{"line":18,"column":5}},"line":16},"3":{"name":"(anonymous_3)","decl":{"start":{"line":18,"column":13},"end":{"line":18,"column":14}},"loc":{"start":{"line":18,"column":22},"end":{"line":20,"column":5}},"line":18},"4":{"name":"(anonymous_4)","decl":{"start":{"line":23,"column":12},"end":{"line":23,"column":13}},"loc":{"start":{"line":23,"column":18},"end":{"line":30,"column":3}},"line":23},"5":{"name":"(anonymous_5)","decl":{"start":{"line":24,"column":33},"end":{"line":24,"column":34}},"loc":{"start":{"line":24,"column":45},"end":{"line":27,"column":5}},"line":24},"6":{"name":"(anonymous_6)","decl":{"start":{"line":27,"column":13},"end":{"line":27,"column":14}},"loc":{"start":{"line":27,"column":22},"end":{"line":29,"column":5}},"line":27}},"branchMap":{"0":{"loc":{"start":{"line":32,"column":2},"end":{"line":34,"column":3}},"type":"if","locations":[{"start":{"line":32,"column":2},"end":{"line":34,"column":3}},{"start":{},"end":{}}],"line":32}},"s":{"0":0,"1":0,"2":0,"3":0,"4":0,"5":0,"6":0,"7":0,"8":0,"9":0,"10":0,"11":0,"12":0,"13":0,"14":0},"f":{"0":0,"1":0,"2":0,"3":0,"4":0,"5":0,"6":0},"b":{"0":[0,0]},"_coverageSchema":"1a1c01bbd47fc00a2c39e90264f33305004495a9","hash":"aa51e5b516c706343565ba47c2ebee295f830a73"}
,"C:\\Users\\Laboratoria\\Desktop\\proyecto5\\DEV006-movie-challenge-fw\\src\\components\\MovieFeature.jsx": {"path":"C:\\Users\\Laboratoria\\Desktop\\proyecto5\\DEV006-movie-challenge-fw\\src\\components\\MovieFeature.jsx","statementMap":{"0":{"start":{"line":9,"column":30},"end":{"line":9,"column":42}},"1":{"start":{"line":10,"column":44},"end":{"line":10,"column":58}},"2":{"start":{"line":11,"column":32},"end":{"line":11,"column":46}},"3":{"start":{"line":13,"column":2},"end":{"line":17,"column":9}},"4":{"start":{"line":14,"column":4},"end":{"line":16,"column":7}},"5":{"start":{"line":15,"column":6},"end":{"line":15,"column":30}},"6":{"start":{"line":19,"column":2},"end":{"line":23,"column":15}},"7":{"start":{"line":20,"column":4},"end":{"line":22,"column":5}},"8":{"start":{"line":21,"column":6},"end":{"line":21,"column":34}},"9":{"start":{"line":25,"column":2},"end":{"line":31,"column":20}},"10":{"start":{"line":26,"column":4},"end":{"line":30,"column":5}},"11":{"start":{"line":27,"column":6},"end":{"line":29,"column":9}},"12":{"start":{"line":28,"column":8},"end":{"line":28,"column":27}},"13":{"start":{"line":33,"column":31},"end":{"line":36,"column":3}},"14":{"start":{"line":34,"column":4},"end":{"line":34,"column":28}},"15":{"start":{"line":40,"column":2},"end":{"line":52,"column":4}}},"fnMap":{"0":{"name":"MovieFeature","decl":{"start":{"line":8,"column":16},"end":{"line":8,"column":28}},"loc":{"start":{"line":8,"column":31},"end":{"line":53,"column":1}},"line":8},"1":{"name":"(anonymous_1)","decl":{"start":{"line":13,"column":12},"end":{"line":13,"column":13}},"loc":{"start":{"line":13,"column":18},"end":{"line":17,"column":3}},"line":13},"2":{"name":"(anonymous_2)","decl":{"start":{"line":14,"column":27},"end":{"line":14,"column":28}},"loc":{"start":{"line":14,"column":37},"end":{"line":16,"column":5}},"line":14},"3":{"name":"(anonymous_3)","decl":{"start":{"line":19,"column":12},"end":{"line":19,"column":13}},"loc":{"start":{"line":19,"column":18},"end":{"line":23,"column":3}},"line":19},"4":{"name":"(anonymous_4)","decl":{"start":{"line":25,"column":12},"end":{"line":25,"column":13}},"loc":{"start":{"line":25,"column":16},"end":{"line":31,"column":3}},"line":25},"5":{"name":"(anonymous_5)","decl":{"start":{"line":27,"column":44},"end":{"line":27,"column":45}},"loc":{"start":{"line":27,"column":56},"end":{"line":29,"column":7}},"line":27},"6":{"name":"(anonymous_6)","decl":{"start":{"line":33,"column":31},"end":{"line":33,"column":32}},"loc":{"start":{"line":33,"column":42},"end":{"line":36,"column":3}},"line":33}},"branchMap":{"0":{"loc":{"start":{"line":20,"column":4},"end":{"line":22,"column":5}},"type":"if","locations":[{"start":{"line":20,"column":4},"end":{"line":22,"column":5}},{"start":{},"end":{}}],"line":20},"1":{"loc":{"start":{"line":26,"column":4},"end":{"line":30,"column":5}},"type":"if","locations":[{"start":{"line":26,"column":4},"end":{"line":30,"column":5}},{"start":{},"end":{}}],"line":26},"2":{"loc":{"start":{"line":43,"column":9},"end":{"line":43,"column":108}},"type":"cond-expr","locations":[{"start":{"line":43,"column":26},"end":{"line":43,"column":90}},{"start":{"line":43,"column":93},"end":{"line":43,"column":108}}],"line":43}},"s":{"0":0,"1":0,"2":0,"3":0,"4":0,"5":0,"6":0,"7":0,"8":0,"9":0,"10":0,"11":0,"12":0,"13":0,"14":0,"15":0},"f":{"0":0,"1":0,"2":0,"3":0,"4":0,"5":0,"6":0},"b":{"0":[0,0],"1":[0,0],"2":[0,0]},"_coverageSchema":"1a1c01bbd47fc00a2c39e90264f33305004495a9","hash":"ce1bee28496f1596cf00e6d029e58c26fb596d8e"}
,"C:\\Users\\Laboratoria\\Desktop\\proyecto5\\DEV006-movie-challenge-fw\\src\\components\\RenderMovies.jsx": {"path":"C:\\Users\\Laboratoria\\Desktop\\proyecto5\\DEV006-movie-challenge-fw\\src\\components\\RenderMovies.jsx","statementMap":{"0":{"start":{"line":4,"column":28},"end":{"line":18,"column":1}},"1":{"start":{"line":6,"column":2},"end":{"line":17,"column":4}},"2":{"start":{"line":9,"column":8},"end":{"line":13,"column":10}}},"fnMap":{"0":{"name":"(anonymous_0)","decl":{"start":{"line":4,"column":28},"end":{"line":4,"column":29}},"loc":{"start":{"line":4,"column":74},"end":{"line":18,"column":1}},"line":4},"1":{"name":"(anonymous_1)","decl":{"start":{"line":8,"column":18},"end":{"line":8,"column":19}},"loc":{"start":{"line":9,"column":8},"end":{"line":13,"column":10}},"line":9}},"branchMap":{"0":{"loc":{"start":{"line":7,"column":4},"end":{"line":15,"column":78}},"type":"cond-expr","locations":[{"start":{"line":7,"column":25},"end":{"line":15,"column":9}},{"start":{"line":15,"column":13},"end":{"line":15,"column":78}}],"line":7}},"s":{"0":1,"1":0,"2":0},"f":{"0":0,"1":0},"b":{"0":[0,0]},"_coverageSchema":"1a1c01bbd47fc00a2c39e90264f33305004495a9","hash":"75a35bbcae77d30cb84f04003e2b49614ba9a877"}
,"C:\\Users\\Laboratoria\\Desktop\\proyecto5\\DEV006-movie-challenge-fw\\src\\components\\RenderTrailer.jsx": {"path":"C:\\Users\\Laboratoria\\Desktop\\proyecto5\\DEV006-movie-challenge-fw\\src\\components\\RenderTrailer.jsx","statementMap":{"0":{"start":{"line":5,"column":22},"end":{"line":13,"column":1}},"1":{"start":{"line":6,"column":4},"end":{"line":6,"column":29}},"2":{"start":{"line":6,"column":17},"end":{"line":6,"column":29}},"3":{"start":{"line":7,"column":23},"end":{"line":9,"column":32}},"4":{"start":{"line":8,"column":15},"end":{"line":8,"column":48}},"5":{"start":{"line":10,"column":2},"end":{"line":12,"column":10}}},"fnMap":{"0":{"name":"(anonymous_0)","decl":{"start":{"line":5,"column":22},"end":{"line":5,"column":23}},"loc":{"start":{"line":5,"column":44},"end":{"line":13,"column":1}},"line":5},"1":{"name":"(anonymous_1)","decl":{"start":{"line":8,"column":4},"end":{"line":8,"column":5}},"loc":{"start":{"line":8,"column":15},"end":{"line":8,"column":48}},"line":8}},"branchMap":{"0":{"loc":{"start":{"line":6,"column":4},"end":{"line":6,"column":29}},"type":"if","locations":[{"start":{"line":6,"column":4},"end":{"line":6,"column":29}},{"start":{},"end":{}}],"line":6},"1":{"loc":{"start":{"line":7,"column":23},"end":{"line":9,"column":32}},"type":"binary-expr","locations":[{"start":{"line":7,"column":23},"end":{"line":9,"column":3}},{"start":{"line":9,"column":7},"end":{"line":9,"column":32}}],"line":7}},"s":{"0":1,"1":0,"2":0,"3":0,"4":0,"5":0},"f":{"0":0,"1":0},"b":{"0":[0,0],"1":[0,0]},"_coverageSchema":"1a1c01bbd47fc00a2c39e90264f33305004495a9","hash":"9558e492ce8c8170544d6b1bb650b84d76672502"}
,"C:\\Users\\Laboratoria\\Desktop\\proyecto5\\DEV006-movie-challenge-fw\\src\\components\\Search.jsx": {"path":"C:\\Users\\Laboratoria\\Desktop\\proyecto5\\DEV006-movie-challenge-fw\\src\\components\\Search.jsx","statementMap":{"0":{"start":{"line":12,"column":38},"end":{"line":12,"column":50}},"1":{"start":{"line":13,"column":38},"end":{"line":13,"column":50}},"2":{"start":{"line":14,"column":40},"end":{"line":14,"column":54}},"3":{"start":{"line":15,"column":17},"end":{"line":15,"column":30}},"4":{"start":{"line":18,"column":2},"end":{"line":30,"column":31}},"5":{"start":{"line":19,"column":4},"end":{"line":27,"column":11}},"6":{"start":{"line":20,"column":7},"end":{"line":22,"column":9}},"7":{"start":{"line":21,"column":6},"end":{"line":21,"column":36}},"8":{"start":{"line":23,"column":12},"end":{"line":27,"column":11}},"9":{"start":{"line":24,"column":8},"end":{"line":26,"column":14}},"10":{"start":{"line":25,"column":11},"end":{"line":25,"column":41}},"11":{"start":{"line":32,"column":28},"end":{"line":35,"column":5}},"12":{"start":{"line":33,"column":6},"end":{"line":33,"column":31}},"13":{"start":{"line":34,"column":6},"end":{"line":34,"column":33}},"14":{"start":{"line":39,"column":27},"end":{"line":43,"column":1}},"15":{"start":{"line":41,"column":2},"end":{"line":41,"column":33}},"16":{"start":{"line":45,"column":2},"end":{"line":53,"column":4}}},"fnMap":{"0":{"name":"Search","decl":{"start":{"line":11,"column":16},"end":{"line":11,"column":22}},"loc":{"start":{"line":11,"column":25},"end":{"line":54,"column":1}},"line":11},"1":{"name":"(anonymous_1)","decl":{"start":{"line":18,"column":12},"end":{"line":18,"column":13}},"loc":{"start":{"line":18,"column":16},"end":{"line":30,"column":5}},"line":18},"2":{"name":"(anonymous_2)","decl":{"start":{"line":20,"column":38},"end":{"line":20,"column":39}},"loc":{"start":{"line":20,"column":48},"end":{"line":22,"column":8}},"line":20},"3":{"name":"(anonymous_3)","decl":{"start":{"line":24,"column":43},"end":{"line":24,"column":44}},"loc":{"start":{"line":24,"column":53},"end":{"line":26,"column":12}},"line":24},"4":{"name":"(anonymous_4)","decl":{"start":{"line":32,"column":28},"end":{"line":32,"column":29}},"loc":{"start":{"line":32,"column":56},"end":{"line":35,"column":5}},"line":32},"5":{"name":"(anonymous_5)","decl":{"start":{"line":39,"column":27},"end":{"line":39,"column":28}},"loc":{"start":{"line":39,"column":36},"end":{"line":43,"column":1}},"line":39}},"branchMap":{"0":{"loc":{"start":{"line":19,"column":4},"end":{"line":27,"column":11}},"type":"if","locations":[{"start":{"line":19,"column":4},"end":{"line":27,"column":11}},{"start":{"line":23,"column":12},"end":{"line":27,"column":11}}],"line":19},"1":{"loc":{"start":{"line":23,"column":12},"end":{"line":27,"column":11}},"type":"if","locations":[{"start":{"line":23,"column":12},"end":{"line":27,"column":11}},{"start":{},"end":{}}],"line":23}},"s":{"0":0,"1":0,"2":0,"3":0,"4":0,"5":0,"6":0,"7":0,"8":0,"9":0,"10":0,"11":0,"12":0,"13":0,"14":0,"15":0,"16":0},"f":{"0":0,"1":0,"2":0,"3":0,"4":0,"5":0},"b":{"0":[0,0],"1":[0,0]},"_coverageSchema":"1a1c01bbd47fc00a2c39e90264f33305004495a9","hash":"bf18506d6bb5d94c2d7057d70561b9ac083e4c1a"}
,"C:\\Users\\Laboratoria\\Desktop\\proyecto5\\DEV006-movie-challenge-fw\\src\\pages\\Details.jsx": {"path":"C:\\Users\\Laboratoria\\Desktop\\proyecto5\\DEV006-movie-challenge-fw\\src\\pages\\Details.jsx","statementMap":{"0":{"start":{"line":10,"column":4},"end":{"line":22,"column":10}}},"fnMap":{"0":{"name":"Details","decl":{"start":{"line":7,"column":16},"end":{"line":7,"column":23}},"loc":{"start":{"line":7,"column":25},"end":{"line":23,"column":1}},"line":7}},"branchMap":{},"s":{"0":0},"f":{"0":0},"b":{},"_coverageSchema":"1a1c01bbd47fc00a2c39e90264f33305004495a9","hash":"2e60599407bc45c56374b50f75a918144f23ddaa"}
,"C:\\Users\\Laboratoria\\Desktop\\proyecto5\\DEV006-movie-challenge-fw\\src\\pages\\Explora.jsx": {"path":"C:\\Users\\Laboratoria\\Desktop\\proyecto5\\DEV006-movie-challenge-fw\\src\\pages\\Explora.jsx","statementMap":{"0":{"start":{"line":10,"column":4},"end":{"line":22,"column":10}}},"fnMap":{"0":{"name":"Explora","decl":{"start":{"line":7,"column":16},"end":{"line":7,"column":23}},"loc":{"start":{"line":7,"column":25},"end":{"line":23,"column":1}},"line":7}},"branchMap":{},"s":{"0":0},"f":{"0":0},"b":{},"_coverageSchema":"1a1c01bbd47fc00a2c39e90264f33305004495a9","hash":"bbc0cc3481e0dae13d4b2561b13bbcba3f14217a"}
,"C:\\Users\\Laboratoria\\Desktop\\proyecto5\\DEV006-movie-challenge-fw\\src\\pages\\Home.jsx": {"path":"C:\\Users\\Laboratoria\\Desktop\\proyecto5\\DEV006-movie-challenge-fw\\src\\pages\\Home.jsx","statementMap":{"0":{"start":{"line":10,"column":2},"end":{"line":35,"column":4}}},"fnMap":{"0":{"name":"Home","decl":{"start":{"line":9,"column":16},"end":{"line":9,"column":20}},"loc":{"start":{"line":9,"column":23},"end":{"line":36,"column":1}},"line":9}},"branchMap":{},"s":{"0":1},"f":{"0":1},"b":{},"_coverageSchema":"1a1c01bbd47fc00a2c39e90264f33305004495a9","hash":"e4890f4800b7d6f2937340b934dc4cc069f783d1"}
,"C:\\Users\\Laboratoria\\Desktop\\proyecto5\\DEV006-movie-challenge-fw\\src\\pages\\Movies.jsx": {"path":"C:\\Users\\Laboratoria\\Desktop\\proyecto5\\DEV006-movie-challenge-fw\\src\\pages\\Movies.jsx","statementMap":{"0":{"start":{"line":7,"column":4},"end":{"line":20,"column":10}}},"fnMap":{"0":{"name":"Movies","decl":{"start":{"line":6,"column":16},"end":{"line":6,"column":22}},"loc":{"start":{"line":6,"column":24},"end":{"line":21,"column":1}},"line":6}},"branchMap":{},"s":{"0":0},"f":{"0":0},"b":{},"_coverageSchema":"1a1c01bbd47fc00a2c39e90264f33305004495a9","hash":"25852562de3d5336afce588f34bfe44013594d02"}
,"C:\\Users\\Laboratoria\\Desktop\\proyecto5\\DEV006-movie-challenge-fw\\src\\pages\\NotFound.jsx": {"path":"C:\\Users\\Laboratoria\\Desktop\\proyecto5\\DEV006-movie-challenge-fw\\src\\pages\\NotFound.jsx","statementMap":{"0":{"start":{"line":2,"column":4},"end":{"line":2,"column":37}}},"fnMap":{"0":{"name":"NotFound","decl":{"start":{"line":1,"column":16},"end":{"line":1,"column":24}},"loc":{"start":{"line":1,"column":26},"end":{"line":3,"column":1}},"line":1}},"branchMap":{},"s":{"0":0},"f":{"0":0},"b":{},"_coverageSchema":"1a1c01bbd47fc00a2c39e90264f33305004495a9","hash":"d899b65afe3cb719e6f272217cbd29f8d0268976"}
,"C:\\Users\\Laboratoria\\Desktop\\proyecto5\\DEV006-movie-challenge-fw\\src\\pages\\TvShows.jsx": {"path":"C:\\Users\\Laboratoria\\Desktop\\proyecto5\\DEV006-movie-challenge-fw\\src\\pages\\TvShows.jsx","statementMap":{"0":{"start":{"line":4,"column":4},"end":{"line":15,"column":6}}},"fnMap":{"0":{"name":"TvShows","decl":{"start":{"line":3,"column":16},"end":{"line":3,"column":23}},"loc":{"start":{"line":3,"column":25},"end":{"line":16,"column":1}},"line":3}},"branchMap":{},"s":{"0":0},"f":{"0":0},"b":{},"_coverageSchema":"1a1c01bbd47fc00a2c39e90264f33305004495a9","hash":"3d41aedbe5a5c5fdf271aa47c37cf5487bc19a7e"}
,"C:\\Users\\Laboratoria\\Desktop\\proyecto5\\DEV006-movie-challenge-fw\\src\\utils\\getHttp.js": {"path":"C:\\Users\\Laboratoria\\Desktop\\proyecto5\\DEV006-movie-challenge-fw\\src\\utils\\getHttp.js","statementMap":{"0":{"start":{"line":3,"column":16},"end":{"line":6,"column":1}},"1":{"start":{"line":8,"column":19},"end":{"line":8,"column":62}},"2":{"start":{"line":9,"column":19},"end":{"line":9,"column":64}},"3":{"start":{"line":10,"column":17},"end":{"line":10,"column":64}},"4":{"start":{"line":13,"column":2},"end":{"line":16,"column":41}},"5":{"start":{"line":16,"column":24},"end":{"line":16,"column":39}},"6":{"start":{"line":21,"column":2},"end":{"line":28,"column":5}},"7":{"start":{"line":27,"column":4},"end":{"line":27,"column":27}},"8":{"start":{"line":32,"column":2},"end":{"line":36,"column":40}},"9":{"start":{"line":36,"column":23},"end":{"line":36,"column":38}},"10":{"start":{"line":40,"column":2},"end":{"line":44,"column":40}},"11":{"start":{"line":44,"column":23},"end":{"line":44,"column":38}},"12":{"start":{"line":48,"column":0},"end":{"line":52,"column":35}},"13":{"start":{"line":52,"column":19},"end":{"line":52,"column":34}},"14":{"start":{"line":57,"column":2},"end":{"line":62,"column":39}},"15":{"start":{"line":62,"column":23},"end":{"line":62,"column":38}}},"fnMap":{"0":{"name":"getHttpDiscover","decl":{"start":{"line":12,"column":16},"end":{"line":12,"column":31}},"loc":{"start":{"line":12,"column":34},"end":{"line":17,"column":1}},"line":12},"1":{"name":"(anonymous_1)","decl":{"start":{"line":16,"column":10},"end":{"line":16,"column":11}},"loc":{"start":{"line":16,"column":24},"end":{"line":16,"column":39}},"line":16},"2":{"name":"getHttpTrailer","decl":{"start":{"line":20,"column":16},"end":{"line":20,"column":30}},"loc":{"start":{"line":20,"column":35},"end":{"line":29,"column":1}},"line":20},"3":{"name":"(anonymous_3)","decl":{"start":{"line":26,"column":9},"end":{"line":26,"column":10}},"loc":{"start":{"line":26,"column":23},"end":{"line":28,"column":3}},"line":26},"4":{"name":"getHttpSearch","decl":{"start":{"line":31,"column":16},"end":{"line":31,"column":29}},"loc":{"start":{"line":31,"column":42},"end":{"line":37,"column":1}},"line":31},"5":{"name":"(anonymous_5)","decl":{"start":{"line":36,"column":9},"end":{"line":36,"column":10}},"loc":{"start":{"line":36,"column":23},"end":{"line":36,"column":38}},"line":36},"6":{"name":"getGenres","decl":{"start":{"line":39,"column":17},"end":{"line":39,"column":26}},"loc":{"start":{"line":39,"column":29},"end":{"line":45,"column":1}},"line":39},"7":{"name":"(anonymous_7)","decl":{"start":{"line":44,"column":9},"end":{"line":44,"column":10}},"loc":{"start":{"line":44,"column":23},"end":{"line":44,"column":38}},"line":44},"8":{"name":"getMoviesByGenre","decl":{"start":{"line":47,"column":16},"end":{"line":47,"column":32}},"loc":{"start":{"line":47,"column":41},"end":{"line":53,"column":1}},"line":47},"9":{"name":"(anonymous_9)","decl":{"start":{"line":52,"column":7},"end":{"line":52,"column":8}},"loc":{"start":{"line":52,"column":19},"end":{"line":52,"column":34}},"line":52},"10":{"name":"getHttpMovie","decl":{"start":{"line":56,"column":16},"end":{"line":56,"column":28}},"loc":{"start":{"line":56,"column":33},"end":{"line":63,"column":1}},"line":56},"11":{"name":"(anonymous_11)","decl":{"start":{"line":62,"column":9},"end":{"line":62,"column":10}},"loc":{"start":{"line":62,"column":23},"end":{"line":62,"column":38}},"line":62}},"branchMap":{},"s":{"0":1,"1":1,"2":1,"3":1,"4":0,"5":0,"6":0,"7":0,"8":0,"9":0,"10":0,"11":0,"12":0,"13":0,"14":0,"15":0},"f":{"0":0,"1":0,"2":0,"3":0,"4":0,"5":0,"6":0,"7":0,"8":0,"9":0,"10":0,"11":0},"b":{},"_coverageSchema":"1a1c01bbd47fc00a2c39e90264f33305004495a9","hash":"1bf7f61b7fe5768b0ce27f8b04ee9ad5fb2fdbf9"}
}
