TN:
SF:styleMock.js
FNF:0
FNH:0
DA:1,1
LF:1
LH:1
BRF:0
BRH:0
end_of_record
TN:
SF:src\App.jsx
FN:10,App
FNF:1
FNH:1
FNDA:1,App
DA:11,1
LF:1
LH:1
BRF:0
BRH:0
end_of_record
TN:
SF:src\components\Button.jsx
FN:5,Button
FN:7,(anonymous_1)
FNF:2
FNH:1
FNDA:1,Button
FNDA:0,(anonymous_1)
DA:6,1
DA:7,1
DA:8,0
DA:11,1
LF:4
LH:3
BRF:0
BRH:0
end_of_record
TN:
SF:src\components\FormSearch.jsx
FN:8,FormSearch
FN:15,(anonymous_1)
FN:16,(anonymous_2)
FN:21,(anonymous_3)
FN:25,(anonymous_4)
FN:28,(anonymous_5)
FN:36,(anonymous_6)
FN:75,(anonymous_7)
FNF:8
FNH:0
FNDA:0,FormSearch
FNDA:0,(anonymous_1)
FNDA:0,(anonymous_2)
FNDA:0,(anonymous_3)
FNDA:0,(anonymous_4)
FNDA:0,(anonymous_5)
FNDA:0,(anonymous_6)
FNDA:0,(anonymous_7)
DA:9,0
DA:10,0
DA:11,0
DA:15,0
DA:16,0
DA:17,0
DA:21,0
DA:22,0
DA:25,0
DA:26,0
DA:27,0
DA:28,0
DA:30,0
DA:31,0
DA:36,0
DA:37,0
DA:38,0
DA:39,0
DA:40,0
DA:41,0
DA:47,0
DA:76,0
LF:22
LH:0
BRF:0
BRH:0
end_of_record
TN:
SF:src\components\GeneralInfoMovie.jsx
FN:4,GeneralInfoMovie
FN:20,(anonymous_1)
FNF:2
FNH:0
FNDA:0,GeneralInfoMovie
FNDA:0,(anonymous_1)
DA:6,0
DA:21,0
LF:2
LH:0
BRDA:20,0,0,0
BRDA:20,0,1,0
BRDA:20,1,0,0
BRDA:20,1,1,0
BRF:4
BRH:0
end_of_record
TN:
SF:src\components\Header.jsx
FN:7,Header
FNF:1
FNH:1
FNDA:1,Header
DA:8,1
DA:38,1
LF:2
LH:2
BRF:0
BRH:0
end_of_record
TN:
SF:src\components\MovieCard.jsx
FN:5,MovieCard
FN:10,(anonymous_1)
FNF:2
FNH:0
FNDA:0,MovieCard
FNDA:0,(anonymous_1)
DA:6,0
DA:7,0
DA:9,0
DA:10,0
LF:4
LH:0
BRF:0
BRH:0
end_of_record
TN:
SF:src\components\MovieDetails.jsx
FN:9,MovieDetails
FN:26,(anonymous_1)
FN:36,(anonymous_2)
FNF:3
FNH:0
FNDA:0,MovieDetails
FNDA:0,(anonymous_1)
FNDA:0,(anonymous_2)
DA:10,0
DA:12,0
DA:26,0
DA:36,0
LF:4
LH:0
BRDA:21,0,0,0
BRDA:21,0,1,0
BRDA:30,1,0,0
BRDA:30,1,1,0
BRDA:30,2,0,0
BRDA:30,2,1,0
BRDA:35,3,0,0
BRDA:35,3,1,0
BRF:8
BRH:0
end_of_record
TN:
SF:src\components\MovieDetailsTotal.jsx
FN:8,MovieDetailsTotal
FN:15,(anonymous_1)
FN:16,(anonymous_2)
FN:18,(anonymous_3)
FN:23,(anonymous_4)
FN:24,(anonymous_5)
FN:27,(anonymous_6)
FNF:7
FNH:0
FNDA:0,MovieDetailsTotal
FNDA:0,(anonymous_1)
FNDA:0,(anonymous_2)
FNDA:0,(anonymous_3)
FNDA:0,(anonymous_4)
FNDA:0,(anonymous_5)
FNDA:0,(anonymous_6)
DA:9,0
DA:10,0
DA:13,0
DA:15,0
DA:16,0
DA:17,0
DA:19,0
DA:23,0
DA:24,0
DA:25,0
DA:26,0
DA:28,0
DA:32,0
DA:33,0
DA:36,0
LF:15
LH:0
BRDA:32,0,0,0
BRDA:32,0,1,0
BRF:2
BRH:0
end_of_record
TN:
SF:src\components\MovieFeature.jsx
FN:8,MovieFeature
FN:13,(anonymous_1)
FN:14,(anonymous_2)
FN:19,(anonymous_3)
FN:25,(anonymous_4)
FN:27,(anonymous_5)
FN:33,(anonymous_6)
FNF:7
FNH:0
FNDA:0,MovieFeature
FNDA:0,(anonymous_1)
FNDA:0,(anonymous_2)
FNDA:0,(anonymous_3)
FNDA:0,(anonymous_4)
FNDA:0,(anonymous_5)
FNDA:0,(anonymous_6)
DA:9,0
DA:10,0
DA:11,0
DA:13,0
DA:14,0
DA:15,0
DA:19,0
DA:20,0
DA:21,0
DA:25,0
DA:26,0
DA:27,0
DA:28,0
DA:33,0
DA:34,0
DA:40,0
LF:16
LH:0
BRDA:20,0,0,0
BRDA:20,0,1,0
BRDA:26,1,0,0
BRDA:26,1,1,0
BRDA:43,2,0,0
BRDA:43,2,1,0
BRF:6
BRH:0
end_of_record
TN:
SF:src\components\RenderMovies.jsx
FN:4,(anonymous_0)
FN:8,(anonymous_1)
FNF:2
FNH:0
FNDA:0,(anonymous_0)
FNDA:0,(anonymous_1)
DA:4,1
DA:6,0
DA:9,0
LF:3
LH:1
BRDA:7,0,0,0
BRDA:7,0,1,0
BRF:2
BRH:0
end_of_record
TN:
SF:src\components\RenderTrailer.jsx
FN:5,(anonymous_0)
FN:8,(anonymous_1)
FNF:2
FNH:0
FNDA:0,(anonymous_0)
FNDA:0,(anonymous_1)
DA:5,1
DA:6,0
DA:7,0
DA:8,0
DA:10,0
LF:5
LH:1
BRDA:6,0,0,0
BRDA:6,0,1,0
BRDA:7,1,0,0
BRDA:7,1,1,0
BRF:4
BRH:0
end_of_record
TN:
SF:src\components\Search.jsx
FN:11,Search
FN:18,(anonymous_1)
FN:20,(anonymous_2)
FN:24,(anonymous_3)
FN:32,(anonymous_4)
FN:39,(anonymous_5)
FNF:6
FNH:0
FNDA:0,Search
FNDA:0,(anonymous_1)
FNDA:0,(anonymous_2)
FNDA:0,(anonymous_3)
FNDA:0,(anonymous_4)
FNDA:0,(anonymous_5)
DA:12,0
DA:13,0
DA:14,0
DA:15,0
DA:18,0
DA:19,0
DA:20,0
DA:21,0
DA:23,0
DA:24,0
DA:25,0
DA:32,0
DA:33,0
DA:34,0
DA:39,0
DA:41,0
DA:45,0
LF:17
LH:0
BRDA:19,0,0,0
BRDA:19,0,1,0
BRDA:23,1,0,0
BRDA:23,1,1,0
BRF:4
BRH:0
end_of_record
TN:
SF:src\pages\Details.jsx
FN:7,Details
FNF:1
FNH:0
FNDA:0,Details
DA:10,0
LF:1
LH:0
BRF:0
BRH:0
end_of_record
TN:
SF:src\pages\Explora.jsx
FN:7,Explora
FNF:1
FNH:0
FNDA:0,Explora
DA:10,0
LF:1
LH:0
BRF:0
BRH:0
end_of_record
TN:
SF:src\pages\Home.jsx
FN:9,Home
FNF:1
FNH:1
FNDA:1,Home
DA:10,1
LF:1
LH:1
BRF:0
BRH:0
end_of_record
TN:
SF:src\pages\Movies.jsx
FN:6,Movies
FNF:1
FNH:0
FNDA:0,Movies
DA:7,0
LF:1
LH:0
BRF:0
BRH:0
end_of_record
TN:
SF:src\pages\NotFound.jsx
FN:1,NotFound
FNF:1
FNH:0
FNDA:0,NotFound
DA:2,0
LF:1
LH:0
BRF:0
BRH:0
end_of_record
TN:
SF:src\pages\TvShows.jsx
FN:3,TvShows
FNF:1
FNH:0
FNDA:0,TvShows
DA:4,0
LF:1
LH:0
BRF:0
BRH:0
end_of_record
TN:
SF:src\utils\getHttp.js
FN:12,getHttpDiscover
FN:16,(anonymous_1)
FN:20,getHttpTrailer
FN:26,(anonymous_3)
FN:31,getHttpSearch
FN:36,(anonymous_5)
FN:39,getGenres
FN:44,(anonymous_7)
FN:47,getMoviesByGenre
FN:52,(anonymous_9)
FN:56,getHttpMovie
FN:62,(anonymous_11)
FNF:12
FNH:0
FNDA:0,getHttpDiscover
FNDA:0,(anonymous_1)
FNDA:0,getHttpTrailer
FNDA:0,(anonymous_3)
FNDA:0,getHttpSearch
FNDA:0,(anonymous_5)
FNDA:0,getGenres
FNDA:0,(anonymous_7)
FNDA:0,getMoviesByGenre
FNDA:0,(anonymous_9)
FNDA:0,getHttpMovie
FNDA:0,(anonymous_11)
DA:3,1
DA:8,1
DA:9,1
DA:10,1
DA:13,0
DA:16,0
DA:21,0
DA:27,0
DA:32,0
DA:36,0
DA:40,0
DA:44,0
DA:48,0
DA:52,0
DA:57,0
DA:62,0
LF:16
LH:4
BRF:0
BRH:0
end_of_record
