TN:
SF:styleMock.js
FNF:0
FNH:0
DA:1,9
LF:1
LH:1
BRF:0
BRH:0
end_of_record
TN:
SF:src\App.jsx
FN:10,App
FNF:1
FNH:1
FNDA:1,App
DA:11,1
LF:1
LH:1
BRF:0
BRH:0
end_of_record
TN:
SF:src\components\Button.jsx
FN:5,Button
FN:7,(anonymous_1)
FNF:2
FNH:2
FNDA:2,Button
FNDA:1,(anonymous_1)
DA:6,2
DA:7,2
DA:8,1
DA:11,2
LF:4
LH:4
BRF:0
BRH:0
end_of_record
TN:
SF:src\components\FormSearch.jsx
FN:9,FormSearch
FN:16,(anonymous_1)
FN:17,(anonymous_2)
FN:22,(anonymous_3)
FN:26,(anonymous_4)
FN:29,(anonymous_5)
FN:37,(anonymous_6)
FN:80,(anonymous_7)
FNF:8
FNH:8
FNDA:5,FormSearch
FNDA:1,(anonymous_1)
FNDA:1,(anonymous_2)
FNDA:1,(anonymous_3)
FNDA:1,(anonymous_4)
FNDA:1,(anonymous_5)
FNDA:1,(anonymous_6)
FNDA:8,(anonymous_7)
DA:10,5
DA:11,5
DA:12,5
DA:16,5
DA:17,1
DA:18,1
DA:22,5
DA:23,1
DA:26,5
DA:27,1
DA:28,1
DA:29,1
DA:31,1
DA:32,1
DA:37,5
DA:38,1
DA:39,1
DA:40,1
DA:41,1
DA:42,1
DA:48,5
DA:81,8
LF:22
LH:22
BRF:0
BRH:0
end_of_record
TN:
SF:src\components\GeneralInfoMovie.jsx
FN:5,GeneralInfoMovie
FN:22,(anonymous_1)
FNF:2
FNH:2
FNDA:1,GeneralInfoMovie
FNDA:2,(anonymous_1)
DA:7,1
DA:23,2
LF:2
LH:2
BRDA:22,0,0,1
BRDA:22,0,1,0
BRDA:22,1,0,1
BRDA:22,1,1,1
BRF:4
BRH:3
end_of_record
TN:
SF:src\components\Header.jsx
FN:7,Header
FNF:1
FNH:1
FNDA:2,Header
DA:8,2
DA:38,2
LF:2
LH:2
BRF:0
BRH:0
end_of_record
TN:
SF:src\components\MovieCard.jsx
FN:6,MovieCard
FN:11,(anonymous_1)
FNF:2
FNH:2
FNDA:3,MovieCard
FNDA:1,(anonymous_1)
DA:7,3
DA:8,3
DA:10,3
DA:11,1
LF:4
LH:4
BRF:0
BRH:0
end_of_record
TN:
SF:src\components\MovieDetails.jsx
FN:10,MovieDetails
FN:26,(anonymous_1)
FN:38,(anonymous_2)
FNF:3
FNH:3
FNDA:3,MovieDetails
FNDA:1,(anonymous_1)
FNDA:1,(anonymous_2)
DA:11,3
DA:13,3
DA:26,1
DA:38,1
LF:4
LH:4
BRDA:22,0,0,3
BRDA:22,0,1,0
BRDA:32,1,0,1
BRDA:32,1,1,2
BRDA:32,2,0,3
BRDA:32,2,1,3
BRDA:37,3,0,1
BRDA:37,3,1,2
BRF:8
BRH:7
end_of_record
TN:
SF:src\components\MovieDetailsTotal.jsx
FN:9,MovieDetailsTotal
FN:16,(anonymous_1)
FN:18,(anonymous_2)
FN:23,(anonymous_3)
FNF:4
FNH:3
FNDA:2,MovieDetailsTotal
FNDA:1,(anonymous_1)
FNDA:0,(anonymous_2)
FNDA:1,(anonymous_3)
DA:10,2
DA:11,2
DA:12,2
DA:13,2
DA:14,2
DA:16,2
DA:17,1
DA:19,0
DA:20,0
DA:21,0
DA:24,1
DA:30,2
DA:31,2
DA:33,0
DA:34,0
DA:37,0
DA:38,0
DA:41,0
LF:18
LH:10
BRDA:30,0,0,2
BRDA:30,0,1,0
BRDA:33,1,0,0
BRDA:33,1,1,0
BRDA:37,2,0,0
BRDA:37,2,1,0
BRF:6
BRH:1
end_of_record
TN:
SF:src\components\MovieFeature.jsx
FN:9,MovieFeature
FN:14,(anonymous_1)
FN:15,(anonymous_2)
FN:20,(anonymous_3)
FN:26,(anonymous_4)
FN:28,(anonymous_5)
FN:34,(anonymous_6)
FNF:7
FNH:0
FNDA:0,MovieFeature
FNDA:0,(anonymous_1)
FNDA:0,(anonymous_2)
FNDA:0,(anonymous_3)
FNDA:0,(anonymous_4)
FNDA:0,(anonymous_5)
FNDA:0,(anonymous_6)
DA:10,0
DA:11,0
DA:12,0
DA:14,0
DA:15,0
DA:16,0
DA:20,0
DA:21,0
DA:22,0
DA:26,0
DA:27,0
DA:28,0
DA:29,0
DA:34,0
DA:35,0
DA:41,0
LF:16
LH:0
BRDA:21,0,0,0
BRDA:21,0,1,0
BRDA:27,1,0,0
BRDA:27,1,1,0
BRDA:44,2,0,0
BRDA:44,2,1,0
BRF:6
BRH:0
end_of_record
TN:
SF:src\components\RenderMovies.jsx
FN:5,(anonymous_0)
FN:9,(anonymous_1)
FNF:2
FNH:2
FNDA:2,(anonymous_0)
FNDA:2,(anonymous_1)
DA:5,2
DA:7,2
DA:10,2
LF:3
LH:3
BRDA:8,0,0,1
BRDA:8,0,1,1
BRF:2
BRH:2
end_of_record
TN:
SF:src\components\RenderTrailer.jsx
FN:6,(anonymous_0)
FN:11,(anonymous_1)
FNF:2
FNH:2
FNDA:1,(anonymous_0)
FNDA:2,(anonymous_1)
DA:6,3
DA:7,1
DA:8,0
DA:10,1
DA:11,2
DA:13,1
LF:6
LH:5
BRDA:7,0,0,0
BRDA:7,0,1,1
BRDA:7,1,0,1
BRDA:7,1,1,1
BRDA:7,1,2,1
BRDA:10,2,0,1
BRDA:10,2,1,1
BRF:7
BRH:6
end_of_record
TN:
SF:src\components\Search.jsx
FN:11,Search
FN:18,(anonymous_1)
FN:20,(anonymous_2)
FN:24,(anonymous_3)
FN:32,(anonymous_4)
FN:39,(anonymous_5)
FNF:6
FNH:0
FNDA:0,Search
FNDA:0,(anonymous_1)
FNDA:0,(anonymous_2)
FNDA:0,(anonymous_3)
FNDA:0,(anonymous_4)
FNDA:0,(anonymous_5)
DA:12,0
DA:13,0
DA:14,0
DA:15,0
DA:18,0
DA:19,0
DA:20,0
DA:21,0
DA:23,0
DA:24,0
DA:25,0
DA:32,0
DA:33,0
DA:34,0
DA:39,0
DA:41,0
DA:45,0
LF:17
LH:0
BRDA:19,0,0,0
BRDA:19,0,1,0
BRDA:23,1,0,0
BRDA:23,1,1,0
BRF:4
BRH:0
end_of_record
TN:
SF:src\pages\Details.jsx
FN:4,Details
FNF:1
FNH:0
FNDA:0,Details
DA:7,0
LF:1
LH:0
BRF:0
BRH:0
end_of_record
TN:
SF:src\pages\Explora.jsx
FN:7,Explora
FNF:1
FNH:0
FNDA:0,Explora
DA:10,0
LF:1
LH:0
BRF:0
BRH:0
end_of_record
TN:
SF:src\pages\Home.jsx
FN:6,Home
FNF:1
FNH:1
FNDA:1,Home
DA:7,1
LF:1
LH:1
BRF:0
BRH:0
end_of_record
TN:
SF:src\pages\Movies.jsx
FN:6,Movies
FNF:1
FNH:0
FNDA:0,Movies
DA:7,0
LF:1
LH:0
BRF:0
BRH:0
end_of_record
TN:
SF:src\pages\NotFound.jsx
FN:2,NotFound
FNF:1
FNH:1
FNDA:1,NotFound
DA:3,1
LF:1
LH:1
BRF:0
BRH:0
end_of_record
TN:
SF:src\pages\SignUp.jsx
FN:2,SignUp
FNF:1
FNH:1
FNDA:1,SignUp
DA:3,1
LF:1
LH:1
BRF:0
BRH:0
end_of_record
TN:
SF:src\pages\TvShows.jsx
FN:4,TvShows
FNF:1
FNH:1
FNDA:1,TvShows
DA:5,1
LF:1
LH:1
BRF:0
BRH:0
end_of_record
TN:
SF:src\utils\getHttp.js
FN:12,getHttpDiscover
FN:16,(anonymous_1)
FN:20,getHttpTrailer
FN:26,(anonymous_3)
FN:31,getHttpSearch
FN:36,(anonymous_5)
FN:39,getGenres
FN:44,(anonymous_7)
FN:47,getMoviesByGenre
FN:52,(anonymous_9)
FN:56,getHttpMovie
FN:62,(anonymous_11)
FNF:12
FNH:0
FNDA:0,getHttpDiscover
FNDA:0,(anonymous_1)
FNDA:0,getHttpTrailer
FNDA:0,(anonymous_3)
FNDA:0,getHttpSearch
FNDA:0,(anonymous_5)
FNDA:0,getGenres
FNDA:0,(anonymous_7)
FNDA:0,getMoviesByGenre
FNDA:0,(anonymous_9)
FNDA:0,getHttpMovie
FNDA:0,(anonymous_11)
DA:3,1
DA:8,1
DA:9,1
DA:10,1
DA:13,0
DA:16,0
DA:21,0
DA:27,0
DA:32,0
DA:36,0
DA:40,0
DA:44,0
DA:48,0
DA:52,0
DA:57,0
DA:62,0
LF:16
LH:4
BRF:0
BRH:0
end_of_record
